This file contains any messages produced by compilers while
running configure, to aid debugging if configure makes a mistake.

It was created by mstflint configure 4.8.0, which was
generated by GNU Autoconf 2.63.  Invocation command line was

  $ ./configure 

## --------- ##
## Platform. ##
## --------- ##

hostname = rdma-box.config
uname -m = x86_64
uname -r = 2.6.32-642.el6.x86_64
uname -s = Linux
uname -v = #1 SMP Tue May 10 12:00:56 PDT 2016

/usr/bin/uname -p = unknown
/bin/uname -X     = unknown

/bin/arch              = x86_64
/usr/bin/arch -k       = unknown
/usr/convex/getsysinfo = unknown
/usr/bin/hostinfo      = unknown
/bin/machine           = unknown
/usr/bin/oslevel       = unknown
/bin/universe          = unknown

PATH: /usr/local/bin
PATH: /bin
PATH: /usr/bin
PATH: /usr/local/sbin
PATH: /usr/sbin
PATH: /sbin
PATH: /home/vagrant/bin


## ----------- ##
## Core tests. ##
## ----------- ##

configure:2145: checking for a BSD-compatible install
configure:2213: result: /usr/bin/install -c
configure:2224: checking whether build environment is sane
configure:2284: result: yes
configure:2425: checking for a thread-safe mkdir -p
configure:2464: result: /bin/mkdir -p
configure:2477: checking for gawk
configure:2493: found /bin/gawk
configure:2504: result: gawk
configure:2515: checking whether make sets $(MAKE)
configure:2537: result: yes
configure:2668: checking for gcc
configure:2684: found /usr/bin/gcc
configure:2695: result: gcc
configure:2927: checking for C compiler version
configure:2935: gcc --version >&5
gcc (GCC) 4.4.7 20120313 (Red Hat 4.4.7-18)
Copyright (C) 2010 Free Software Foundation, Inc.
This is free software; see the source for copying conditions.  There is NO
warranty; not even for MERCHANTABILITY or FITNESS FOR A PARTICULAR PURPOSE.

configure:2939: $? = 0
configure:2946: gcc -v >&5
Using built-in specs.
Target: x86_64-redhat-linux
Configured with: ../configure --prefix=/usr --mandir=/usr/share/man --infodir=/usr/share/info --with-bugurl=http://bugzilla.redhat.com/bugzilla --enable-bootstrap --enable-shared --enable-threads=posix --enable-checking=release --with-system-zlib --enable-__cxa_atexit --disable-libunwind-exceptions --enable-gnu-unique-object --enable-languages=c,c++,objc,obj-c++,java,fortran,ada --enable-java-awt=gtk --disable-dssi --with-java-home=/usr/lib/jvm/java-1.5.0-gcj-1.5.0.0/jre --enable-libgcj-multifile --enable-java-maintainer-mode --with-ecj-jar=/usr/share/java/eclipse-ecj.jar --disable-libjava-multilib --with-ppl --with-cloog --with-tune=generic --with-arch_32=i686 --build=x86_64-redhat-linux
Thread model: posix
gcc version 4.4.7 20120313 (Red Hat 4.4.7-18) (GCC) 
configure:2950: $? = 0
configure:2957: gcc -V >&5
gcc: '-V' option must have argument
configure:2961: $? = 1
configure:2984: checking for C compiler default output file name
configure:3006: gcc    conftest.c  >&5
configure:3010: $? = 0
configure:3048: result: a.out
configure:3067: checking whether the C compiler works
configure:3077: ./a.out
configure:3081: $? = 0
configure:3100: result: yes
configure:3107: checking whether we are cross compiling
configure:3109: result: no
configure:3112: checking for suffix of executables
configure:3119: gcc -o conftest    conftest.c  >&5
configure:3123: $? = 0
configure:3149: result: 
configure:3155: checking for suffix of object files
configure:3181: gcc -c   conftest.c >&5
configure:3185: $? = 0
configure:3210: result: o
configure:3214: checking whether we are using the GNU C compiler
configure:3243: gcc -c   conftest.c >&5
configure:3250: $? = 0
configure:3267: result: yes
configure:3276: checking whether gcc accepts -g
configure:3306: gcc -c -g  conftest.c >&5
configure:3313: $? = 0
configure:3414: result: yes
configure:3431: checking for gcc option to accept ISO C89
configure:3505: gcc  -c -g -O2  conftest.c >&5
configure:3512: $? = 0
configure:3535: result: none needed
configure:3564: checking for style of include used by make
configure:3592: result: GNU
configure:3617: checking dependency style of gcc
configure:3727: result: gcc3
configure:3800: checking for g++
configure:3830: result: no
configure:3800: checking for c++
configure:3830: result: no
configure:3800: checking for gpp
configure:3830: result: no
configure:3800: checking for aCC
configure:3830: result: no
configure:3800: checking for CC
configure:3830: result: no
configure:3800: checking for cxx
configure:3830: result: no
configure:3800: checking for cc++
configure:3830: result: no
configure:3800: checking for cl.exe
configure:3830: result: no
configure:3800: checking for FCC
configure:3830: result: no
configure:3800: checking for KCC
configure:3830: result: no
configure:3800: checking for RCC
configure:3830: result: no
configure:3800: checking for xlC_r
configure:3830: result: no
configure:3800: checking for xlC
configure:3830: result: no
configure:3854: checking for C++ compiler version
configure:3862: g++ --version >&5
./configure: line 3864: g++: command not found
configure:3866: $? = 127
configure:3873: g++ -v >&5
./configure: line 3875: g++: command not found
configure:3877: $? = 127
configure:3884: g++ -V >&5
./configure: line 3886: g++: command not found
configure:3888: $? = 127
configure:3891: checking whether we are using the GNU C++ compiler
configure:3920: g++ -c   conftest.cpp >&5
./configure: line 3922: g++: command not found
configure:3927: $? = 127
configure: failed program was:
| /* confdefs.h.  */
| #define PACKAGE_NAME "mstflint"
| #define PACKAGE_TARNAME "mstflint"
| #define PACKAGE_VERSION "4.8.0"
| #define PACKAGE_STRING "mstflint 4.8.0"
| #define PACKAGE_BUGREPORT "adrianc@mellanox.co.il"
| #define PROJECT "mstflint"
| #define VERSION "4.8.0"
| #define PACKAGE "mstflint"
| #define VERSION "4.8.0"
| /* end confdefs.h.  */
| 
| int
| main ()
| {
| #ifndef __GNUC__
|        choke me
| #endif
| 
|   ;
|   return 0;
| }
configure:3944: result: no
configure:3953: checking whether g++ accepts -g
configure:3983: g++ -c -g  conftest.cpp >&5
./configure: line 3985: g++: command not found
configure:3990: $? = 127
configure: failed program was:
| /* confdefs.h.  */
| #define PACKAGE_NAME "mstflint"
| #define PACKAGE_TARNAME "mstflint"
| #define PACKAGE_VERSION "4.8.0"
| #define PACKAGE_STRING "mstflint 4.8.0"
| #define PACKAGE_BUGREPORT "adrianc@mellanox.co.il"
| #define PROJECT "mstflint"
| #define VERSION "4.8.0"
| #define PACKAGE "mstflint"
| #define VERSION "4.8.0"
| /* end confdefs.h.  */
| 
| int
| main ()
| {
| 
|   ;
|   return 0;
| }
configure:4022: g++ -c   conftest.cpp >&5
./configure: line 4024: g++: command not found
configure:4029: $? = 127
configure: failed program was:
| /* confdefs.h.  */
| #define PACKAGE_NAME "mstflint"
| #define PACKAGE_TARNAME "mstflint"
| #define PACKAGE_VERSION "4.8.0"
| #define PACKAGE_STRING "mstflint 4.8.0"
| #define PACKAGE_BUGREPORT "adrianc@mellanox.co.il"
| #define PROJECT "mstflint"
| #define VERSION "4.8.0"
| #define PACKAGE "mstflint"
| #define VERSION "4.8.0"
| /* end confdefs.h.  */
| 
| int
| main ()
| {
| 
|   ;
|   return 0;
| }
configure:4062: g++ -c -g  conftest.cpp >&5
./configure: line 4064: g++: command not found
configure:4069: $? = 127
configure: failed program was:
| /* confdefs.h.  */
| #define PACKAGE_NAME "mstflint"
| #define PACKAGE_TARNAME "mstflint"
| #define PACKAGE_VERSION "4.8.0"
| #define PACKAGE_STRING "mstflint 4.8.0"
| #define PACKAGE_BUGREPORT "adrianc@mellanox.co.il"
| #define PROJECT "mstflint"
| #define VERSION "4.8.0"
| #define PACKAGE "mstflint"
| #define VERSION "4.8.0"
| /* end confdefs.h.  */
| 
| int
| main ()
| {
| 
|   ;
|   return 0;
| }
configure:4091: result: no
configure:4116: checking dependency style of g++
configure:4226: result: none
configure:4273: checking build system type
configure:4291: result: x86_64-unknown-linux-gnu
configure:4313: checking host system type
configure:4328: result: x86_64-unknown-linux-gnu
configure:4350: checking for a sed that does not truncate output
configure:4416: result: /bin/sed
configure:4434: checking for grep that handles long lines and -e
configure:4494: result: /bin/grep
configure:4499: checking for egrep
configure:4563: result: /bin/grep -E
configure:4568: checking for fgrep
configure:4632: result: /bin/grep -F
configure:4667: checking for ld used by gcc
configure:4734: result: /usr/bin/ld
configure:4743: checking if the linker (/usr/bin/ld) is GNU ld
configure:4758: result: yes
configure:4770: checking for BSD- or MS-compatible name lister (nm)
configure:4819: result: /usr/bin/nm -B
configure:4937: checking the name lister (/usr/bin/nm -B) interface
configure:4944: gcc -c -g -O2  conftest.c >&5
configure:4947: /usr/bin/nm -B "conftest.o"
configure:4950: output
0000000000000000 B some_variable
configure:4957: result: BSD nm
configure:4960: checking whether ln -s works
configure:4964: result: yes
configure:4972: checking the maximum length of command line arguments
configure:5092: result: 1966080
configure:5109: checking whether the shell understands some XSI constructs
configure:5119: result: yes
configure:5123: checking whether the shell understands "+="
configure:5129: result: yes
configure:5164: checking for /usr/bin/ld option to reload object files
configure:5171: result: -r
configure:5240: checking for objdump
configure:5256: found /usr/bin/objdump
configure:5267: result: objdump
configure:5299: checking how to recognize dependent libraries
configure:5495: result: pass_all
configure:5555: checking for ar
configure:5571: found /usr/bin/ar
configure:5582: result: ar
configure:5660: checking for strip
configure:5676: found /usr/bin/strip
configure:5687: result: strip
configure:5759: checking for ranlib
configure:5775: found /usr/bin/ranlib
configure:5786: result: ranlib
configure:5876: checking command to parse /usr/bin/nm -B output from gcc object
configure:5994: gcc -c -g -O2  conftest.c >&5
configure:5997: $? = 0
configure:6001: /usr/bin/nm -B conftest.o \| sed -n -e 's/^.*[	 ]\([ABCDGIRSTW][ABCDGIRSTW]*\)[	 ][	 ]*\([_A-Za-z][_A-Za-z0-9]*\)$/\1 \2 \2/p' \> conftest.nm
configure:6004: $? = 0
configure:6058: gcc -o conftest -g -O2   conftest.c conftstm.o >&5
configure:6061: $? = 0
configure:6099: result: ok
configure:6195: gcc -c -g -O2  conftest.c >&5
configure:6198: $? = 0
configure:6966: checking how to run the C preprocessor
configure:7006: gcc -E  conftest.c
configure:7013: $? = 0
configure:7044: gcc -E  conftest.c
conftest.c:12:28: error: ac_nonexistent.h: No such file or directory
configure:7051: $? = 1
configure: failed program was:
| /* confdefs.h.  */
| #define PACKAGE_NAME "mstflint"
| #define PACKAGE_TARNAME "mstflint"
| #define PACKAGE_VERSION "4.8.0"
| #define PACKAGE_STRING "mstflint 4.8.0"
| #define PACKAGE_BUGREPORT "adrianc@mellanox.co.il"
| #define PROJECT "mstflint"
| #define VERSION "4.8.0"
| #define PACKAGE "mstflint"
| #define VERSION "4.8.0"
| /* end confdefs.h.  */
| #include <ac_nonexistent.h>
configure:7084: result: gcc -E
configure:7113: gcc -E  conftest.c
configure:7120: $? = 0
configure:7151: gcc -E  conftest.c
conftest.c:12:28: error: ac_nonexistent.h: No such file or directory
configure:7158: $? = 1
configure: failed program was:
| /* confdefs.h.  */
| #define PACKAGE_NAME "mstflint"
| #define PACKAGE_TARNAME "mstflint"
| #define PACKAGE_VERSION "4.8.0"
| #define PACKAGE_STRING "mstflint 4.8.0"
| #define PACKAGE_BUGREPORT "adrianc@mellanox.co.il"
| #define PROJECT "mstflint"
| #define VERSION "4.8.0"
| #define PACKAGE "mstflint"
| #define VERSION "4.8.0"
| /* end confdefs.h.  */
| #include <ac_nonexistent.h>
configure:7198: checking for ANSI C header files
configure:7228: gcc -c -g -O2  conftest.c >&5
configure:7235: $? = 0
configure:7334: gcc -o conftest -g -O2   conftest.c  >&5
configure:7338: $? = 0
configure:7344: ./conftest
configure:7348: $? = 0
configure:7366: result: yes
configure:7390: checking for sys/types.h
configure:7411: gcc -c -g -O2  conftest.c >&5
configure:7418: $? = 0
configure:7435: result: yes
configure:7390: checking for sys/stat.h
configure:7411: gcc -c -g -O2  conftest.c >&5
configure:7418: $? = 0
configure:7435: result: yes
configure:7390: checking for stdlib.h
configure:7411: gcc -c -g -O2  conftest.c >&5
configure:7418: $? = 0
configure:7435: result: yes
configure:7390: checking for string.h
configure:7411: gcc -c -g -O2  conftest.c >&5
configure:7418: $? = 0
configure:7435: result: yes
configure:7390: checking for memory.h
configure:7411: gcc -c -g -O2  conftest.c >&5
configure:7418: $? = 0
configure:7435: result: yes
configure:7390: checking for strings.h
configure:7411: gcc -c -g -O2  conftest.c >&5
configure:7418: $? = 0
configure:7435: result: yes
configure:7390: checking for inttypes.h
configure:7411: gcc -c -g -O2  conftest.c >&5
configure:7418: $? = 0
configure:7435: result: yes
configure:7390: checking for stdint.h
configure:7411: gcc -c -g -O2  conftest.c >&5
configure:7418: $? = 0
configure:7435: result: yes
configure:7390: checking for unistd.h
configure:7411: gcc -c -g -O2  conftest.c >&5
configure:7418: $? = 0
configure:7435: result: yes
configure:7453: checking for dlfcn.h
configure:7474: gcc -c -g -O2  conftest.c >&5
configure:7481: $? = 0
configure:7498: result: yes
configure:7625: checking for C++ compiler version
configure:7633: g++ --version >&5
./configure: line 7635: g++: command not found
configure:7637: $? = 127
configure:7644: g++ -v >&5
./configure: line 7646: g++: command not found
configure:7648: $? = 127
configure:7655: g++ -V >&5
./configure: line 7657: g++: command not found
configure:7659: $? = 127
configure:7662: checking whether we are using the GNU C++ compiler
configure:7715: result: no
configure:7724: checking whether g++ accepts -g
configure:7862: result: no
configure:7887: checking dependency style of g++
configure:7997: result: none
configure:8422: checking for objdir
configure:8437: result: .libs
configure:8729: checking if gcc supports -fno-rtti -fno-exceptions
configure:8747: gcc -c -g -O2  -fno-rtti -fno-exceptions conftest.c >&5
cc1: warning: command line option "-fno-rtti" is valid for C++/ObjC++ but not for C
configure:8751: $? = 0
configure:8764: result: no
configure:8784: checking for gcc option to produce PIC
configure:9056: result: -fPIC -DPIC
configure:9068: checking if gcc PIC flag -fPIC -DPIC works
configure:9086: gcc -c -g -O2  -fPIC -DPIC -DPIC conftest.c >&5
configure:9090: $? = 0
configure:9103: result: yes
configure:9127: checking if gcc static flag -static works
configure:9155: result: no
configure:9170: checking if gcc supports -c -o file.o
configure:9191: gcc -c -g -O2  -o out/conftest2.o conftest.c >&5
configure:9195: $? = 0
configure:9217: result: yes
configure:9225: checking if gcc supports -c -o file.o
configure:9272: result: yes
configure:9305: checking whether the gcc linker (/usr/bin/ld -m elf_x86_64) supports shared libraries
configure:10379: result: yes
configure:10416: checking whether -lc should be explicitly linked in
configure:10421: gcc -c -g -O2  conftest.c >&5
configure:10424: $? = 0
configure:10439: gcc -shared conftest.o  -v -Wl,-soname -Wl,conftest -o conftest 2\>\&1 \| /bin/grep  -lc  \>/dev/null 2\>\&1
configure:10442: $? = 0
configure:10454: result: no
configure:10618: checking dynamic linker characteristics
configure:11061: gcc -o conftest -g -O2   -Wl,-rpath -Wl,/foo conftest.c  >&5
configure:11068: $? = 0
configure:11304: result: GNU/Linux ld.so
configure:11406: checking how to hardcode library paths into programs
configure:11431: result: immediate
configure:12264: checking whether stripping libraries is possible
configure:12269: result: yes
configure:12304: checking if libtool supports shared libraries
configure:12306: result: yes
configure:12309: checking whether to build shared libraries
configure:12330: result: yes
configure:12333: checking whether to build static libraries
configure:12337: result: yes
configure:15316: checking termios.h usability
configure:15333: gcc -c -g -O2  conftest.c >&5
configure:15340: $? = 0
configure:15354: result: yes
configure:15358: checking termios.h presence
configure:15373: gcc -E  conftest.c
configure:15380: $? = 0
configure:15394: result: yes
configure:15427: checking for termios.h
configure:15434: result: yes
configure:15450: checking --enable-dc argument
configure:15459: result: yes
configure:15472: checking zlib.h usability
configure:15489: gcc -c -g -O2  conftest.c >&5
configure:15496: $? = 0
configure:15510: result: yes
configure:15514: checking zlib.h presence
configure:15529: gcc -E  conftest.c
configure:15536: $? = 0
configure:15550: result: yes
configure:15583: checking for zlib.h
configure:15590: result: yes
configure:15604: checking for uncompress in -lz
configure:15639: gcc -o conftest -g -O2   conftest.c -lz   >&5
configure:15646: $? = 0
configure:15667: result: yes
configure:15685: checking --enable-fw-mgr argument
configure:15694: result: no
configure:16154: checking --enable-xml2 argument
configure:16163: result: no
configure:16280: checking --enable-inband argument
configure:16289: result: yes
configure:16302: checking infiniband/mad.h usability
configure:16319: gcc -c -g -O2  conftest.c >&5
configure:16326: $? = 0
configure:16340: result: yes
configure:16344: checking infiniband/mad.h presence
configure:16359: gcc -E  conftest.c
configure:16366: $? = 0
configure:16380: result: yes
configure:16413: checking for infiniband/mad.h
configure:16420: result: yes
configure:16446: checking --enable-cs argument
configure:16455: result: no
configure:16602: checking --enable-openssl argument
configure:16611: result: no
configure:17613: creating ./config.status

## ---------------------- ##
## Running config.status. ##
## ---------------------- ##

This file was extended by mstflint config.status 4.8.0, which was
generated by GNU Autoconf 2.63.  Invocation command line was

  CONFIG_FILES    = 
  CONFIG_HEADERS  = 
  CONFIG_LINKS    = 
  CONFIG_COMMANDS = 
  $ ./config.status 

on rdma-box.config

config.status:1109: creating mstflint.spec
config.status:1109: creating Makefile
config.status:1109: creating common/Makefile
config.status:1109: creating mft_utils/Makefile
config.status:1109: creating mtcr_ul/Makefile
config.status:1109: creating mtcr_py/Makefile
config.status:1109: creating ext_libs/Makefile
config.status:1109: creating ext_libs/sqlite/Makefile
config.status:1109: creating ext_libs/muparser/Makefile
config.status:1109: creating dev_mgt/Makefile
config.status:1109: creating tools_layouts/Makefile
config.status:1109: creating reg_access/Makefile
config.status:1109: creating cmdif/Makefile
config.status:1109: creating tools_res_mgmt/Makefile
config.status:1109: creating mlxconfig/Makefile
config.status:1109: creating mlxconfig/mlxconfig_dbs/Makefile
config.status:1109: creating mflash/Makefile
config.status:1109: creating mlxfwops/Makefile
config.status:1109: creating mlxfwops/lib/Makefile
config.status:1109: creating cmdparser/Makefile
config.status:1109: creating flint/Makefile
config.status:1109: creating small_utils/Makefile
config.status:1109: creating mstdump/Makefile
config.status:1109: creating mstdump/crd_lib/Makefile
config.status:1109: creating mstdump/crd_main/Makefile
config.status:1109: creating mstdump/mstdump_dbs/Makefile
config.status:1109: creating mvpd/Makefile
config.status:1109: creating fw_comps_mgr/Makefile
config.status:1109: creating mad_ifc/Makefile
config.status:1109: creating config.h
config.status:1383: executing depfiles commands
config.status:1383: executing libtool commands

## ---------------- ##
## Cache variables. ##
## ---------------- ##

ac_cv_build=x86_64-unknown-linux-gnu
ac_cv_c_compiler_gnu=yes
ac_cv_cxx_compiler_gnu=no
ac_cv_env_CCC_set=
ac_cv_env_CCC_value=
ac_cv_env_CC_set=
ac_cv_env_CC_value=
ac_cv_env_CFLAGS_set=
ac_cv_env_CFLAGS_value=
ac_cv_env_CPPFLAGS_set=
ac_cv_env_CPPFLAGS_value=
ac_cv_env_CPP_set=
ac_cv_env_CPP_value=
ac_cv_env_CXXCPP_set=
ac_cv_env_CXXCPP_value=
ac_cv_env_CXXFLAGS_set=
ac_cv_env_CXXFLAGS_value=
ac_cv_env_CXX_set=
ac_cv_env_CXX_value=
ac_cv_env_LDFLAGS_set=
ac_cv_env_LDFLAGS_value=
ac_cv_env_LIBS_set=
ac_cv_env_LIBS_value=
ac_cv_env_MFT_VERSION_STR_set=
ac_cv_env_MFT_VERSION_STR_value=
ac_cv_env_TOOLS_GIT_SHA_set=
ac_cv_env_TOOLS_GIT_SHA_value=
ac_cv_env_build_alias_set=
ac_cv_env_build_alias_value=
ac_cv_env_host_alias_set=
ac_cv_env_host_alias_value=
ac_cv_env_target_alias_set=
ac_cv_env_target_alias_value=
ac_cv_header_dlfcn_h=yes
ac_cv_header_infiniband_mad_h=yes
ac_cv_header_inttypes_h=yes
ac_cv_header_memory_h=yes
ac_cv_header_stdc=yes
ac_cv_header_stdint_h=yes
ac_cv_header_stdlib_h=yes
ac_cv_header_string_h=yes
ac_cv_header_strings_h=yes
ac_cv_header_sys_stat_h=yes
ac_cv_header_sys_types_h=yes
ac_cv_header_termios_h=yes
ac_cv_header_unistd_h=yes
ac_cv_header_zlib_h=yes
ac_cv_host=x86_64-unknown-linux-gnu
ac_cv_lib_z_uncompress=yes
ac_cv_objext=o
ac_cv_path_EGREP='/bin/grep -E'
ac_cv_path_FGREP='/bin/grep -F'
ac_cv_path_GREP=/bin/grep
ac_cv_path_SED=/bin/sed
ac_cv_path_install='/usr/bin/install -c'
ac_cv_path_mkdir=/bin/mkdir
ac_cv_prog_AWK=gawk
ac_cv_prog_CPP='gcc -E'
ac_cv_prog_ac_ct_AR=ar
ac_cv_prog_ac_ct_CC=gcc
ac_cv_prog_ac_ct_OBJDUMP=objdump
ac_cv_prog_ac_ct_RANLIB=ranlib
ac_cv_prog_ac_ct_STRIP=strip
ac_cv_prog_cc_c89=
ac_cv_prog_cc_g=yes
ac_cv_prog_cxx_g=no
ac_cv_prog_make_make_set=yes
am_cv_CC_dependencies_compiler_type=gcc3
am_cv_CXX_dependencies_compiler_type=none
lt_cv_deplibs_check_method=pass_all
lt_cv_file_magic_cmd='$MAGIC_CMD'
lt_cv_file_magic_test_file=
lt_cv_ld_reload_flag=-r
lt_cv_nm_interface='BSD nm'
lt_cv_objdir=.libs
lt_cv_path_LD=/usr/bin/ld
lt_cv_path_NM='/usr/bin/nm -B'
lt_cv_prog_compiler_c_o=yes
lt_cv_prog_compiler_pic_works=yes
lt_cv_prog_compiler_rtti_exceptions=no
lt_cv_prog_compiler_static_works=no
lt_cv_prog_gnu_ld=yes
lt_cv_sys_global_symbol_pipe='sed -n -e '\''s/^.*[	 ]\([ABCDGIRSTW][ABCDGIRSTW]*\)[	 ][	 ]*\([_A-Za-z][_A-Za-z0-9]*\)$/\1 \2 \2/p'\'''
lt_cv_sys_global_symbol_to_c_name_address='sed -n -e '\''s/^: \([^ ]*\) $/  {\"\1\", (void *) 0},/p'\'' -e '\''s/^[ABCDGIRSTW]* \([^ ]*\) \([^ ]*\)$/  {"\2", (void *) \&\2},/p'\'''
lt_cv_sys_global_symbol_to_c_name_address_lib_prefix='sed -n -e '\''s/^: \([^ ]*\) $/  {\"\1\", (void *) 0},/p'\'' -e '\''s/^[ABCDGIRSTW]* \([^ ]*\) \(lib[^ ]*\)$/  {"\2", (void *) \&\2},/p'\'' -e '\''s/^[ABCDGIRSTW]* \([^ ]*\) \([^ ]*\)$/  {"lib\2", (void *) \&\2},/p'\'''
lt_cv_sys_global_symbol_to_cdecl='sed -n -e '\''s/^T .* \(.*\)$/extern int \1();/p'\'' -e '\''s/^[ABCDGIRSTW]* .* \(.*\)$/extern char \1;/p'\'''
lt_cv_sys_max_cmd_len=1966080

## ----------------- ##
## Output variables. ##
## ----------------- ##

ACLOCAL='${SHELL} /home/vagrant/mstflint/config/missing --run aclocal-1.11'
AMDEPBACKSLASH='\'
AMDEP_FALSE='#'
AMDEP_TRUE=''
AMTAR='${SHELL} /home/vagrant/mstflint/config/missing --run tar'
AR='ar'
AUTOCONF='${SHELL} /home/vagrant/mstflint/config/missing --run autoconf'
AUTOHEADER='${SHELL} /home/vagrant/mstflint/config/missing --run autoheader'
AUTOMAKE='${SHELL} /home/vagrant/mstflint/config/missing --run automake-1.11'
AWK='gawk'
CC='gcc'
CCDEPMODE='depmode=gcc3'
CFLAGS='-g -O2 -Werror -DMST_UL'
COMPILER_FPIC='-fPIC'
CPP='gcc -E'
CPPFLAGS=''
CURL_INC_DIR=''
CXX='g++'
CXXCPP=''
CXXDEPMODE='depmode=none'
CXXFLAGS=' -DHAVE_TERMIOS_H -Werror -DMST_UL'
CYGPATH_W='echo'
DEFS='-DHAVE_CONFIG_H'
DEPDIR='.deps'
DISABLE_XML2=''
DISABLE_XML2_FALSE='#'
DISABLE_XML2_TRUE=''
DSYMUTIL=''
DUMPBIN=''
ECHO_C=''
ECHO_N='-n'
ECHO_T=''
EGREP='/bin/grep -E'
ENABLE_CS_FALSE=''
ENABLE_CS_TRUE='#'
ENABLE_DC=''
ENABLE_DC_FALSE='#'
ENABLE_DC_TRUE=''
ENABLE_FWMGR=''
ENABLE_FWMGR_FALSE=''
ENABLE_FWMGR_TRUE='#'
ENABLE_INBAND_FALSE='#'
ENABLE_INBAND_TRUE=''
ENABLE_OPENSSL_FALSE=''
ENABLE_OPENSSL_TRUE='#'
EXEEXT=''
FGREP='/bin/grep -F'
GREP='/bin/grep'
INSTALL_DATA='${INSTALL} -m 644'
INSTALL_PROGRAM='${INSTALL}'
INSTALL_SCRIPT='${INSTALL}'
INSTALL_STRIP_PROGRAM='$(install_sh) -c -s'
LD='/usr/bin/ld -m elf_x86_64'
LDFLAGS=''
LIBOBJS=''
LIBS='-lz '
LIBTOOL='$(SHELL) $(top_builddir)/libtool'
LIPO=''
LN_S='ln -s'
LTLIBOBJS=''
MAD_IFC='mad_ifc'
MAKEINFO='${SHELL} /home/vagrant/mstflint/config/missing --run makeinfo'
MFT_VERSION_STR='mstflint 4.8.0'
MKDIR_P='/bin/mkdir -p'
MLXFWUPDATE=''
NM='/usr/bin/nm -B'
NMEDIT=''
OBJDUMP='objdump'
OBJEXT='o'
OTOOL64=''
OTOOL=''
PACKAGE='mstflint'
PACKAGE_BUGREPORT='adrianc@mellanox.co.il'
PACKAGE_NAME='mstflint'
PACKAGE_STRING='mstflint 4.8.0'
PACKAGE_TARNAME='mstflint'
PACKAGE_VERSION='4.8.0'
PATH_SEPARATOR=':'
PROJECT=''
RANLIB='ranlib'
SED='/bin/sed'
SET_MAKE=''
SHELL='/bin/sh'
STRIP='strip'
TOOLS_BUILD_TIME='Jan 03 2018\, 21:18:58'
TOOLS_CRYPTO=''
TOOLS_GIT_SHA='N/A'
VERSION='4.8.0'
XML2_INC_DIR=''
ac_ct_CC='gcc'
ac_ct_CXX=''
ac_ct_DUMPBIN=''
am__EXEEXT_FALSE=''
am__EXEEXT_TRUE='#'
am__fastdepCC_FALSE='#'
am__fastdepCC_TRUE=''
am__fastdepCXX_FALSE=''
am__fastdepCXX_TRUE='#'
am__include='include'
am__isrc=''
am__leading_dot='.'
am__quote=''
am__tar='${AMTAR} chof - "$$tardir"'
am__untar='${AMTAR} xf -'
bindir='${exec_prefix}/bin'
build='x86_64-unknown-linux-gnu'
build_alias=''
build_cpu='x86_64'
build_os='linux-gnu'
build_vendor='unknown'
datadir='${datarootdir}'
datarootdir='${prefix}/share'
docdir='${datarootdir}/doc/${PACKAGE_TARNAME}'
dvidir='${docdir}'
exec_prefix='${prefix}'
host='x86_64-unknown-linux-gnu'
host_alias=''
host_cpu='x86_64'
host_os='linux-gnu'
host_vendor='unknown'
htmldir='${docdir}'
includedir='${prefix}/include'
infodir='${datarootdir}/info'
install_sh='${SHELL} /home/vagrant/mstflint/config/install-sh'
libdir='${exec_prefix}/lib'
libexecdir='${exec_prefix}/libexec'
localedir='${datarootdir}/locale'
localstatedir='${prefix}/var'
lt_ECHO='echo'
mandir='${datarootdir}/man'
mkdir_p='/bin/mkdir -p'
oldincludedir='/usr/include'
pdfdir='${docdir}'
prefix='/usr/local'
program_transform_name='s,x,x,'
psdir='${docdir}'
sbindir='${exec_prefix}/sbin'
sharedstatedir='${prefix}/com'
sysconfdir='${prefix}/etc'
target_alias=''

## ----------- ##
## confdefs.h. ##
## ----------- ##

#define PACKAGE_NAME "mstflint"
#define PACKAGE_TARNAME "mstflint"
#define PACKAGE_VERSION "4.8.0"
#define PACKAGE_STRING "mstflint 4.8.0"
#define PACKAGE_BUGREPORT "adrianc@mellanox.co.il"
#define PROJECT "mstflint"
#define VERSION "4.8.0"
#define PACKAGE "mstflint"
#define VERSION "4.8.0"
#define STDC_HEADERS 1
#define HAVE_SYS_TYPES_H 1
#define HAVE_SYS_STAT_H 1
#define HAVE_STDLIB_H 1
#define HAVE_STRING_H 1
#define HAVE_MEMORY_H 1
#define HAVE_STRINGS_H 1
#define HAVE_INTTYPES_H 1
#define HAVE_STDINT_H 1
#define HAVE_UNISTD_H 1
#define HAVE_DLFCN_H 1
#define LT_OBJDIR ".libs/"
#define HAVE_LIBZ 1

configure: exit 0
